| time |       in0        |       in1        |load |       out0       |       out1       |
| 0+   | 0000000000000000 | 0000000000000000 |  0  | 0000000000000000 | 0000000000000000 |
| 1    | 0000000000000000 | 0000000000000000 |  0  | 0000000000000000 | 0000000000000000 |
| 1+   | 0000000000000000 | 0000000000000000 |  1  | 0000000000000000 | 0000000000000000 |
| 2    | 0000000000000000 | 0000000000000000 |  1  | 0000000000000000 | 0000000000000000 |
| 2+   | 0000000000000001 | 0000000000000001 |  0  | 0000000000000000 | 0000000000000000 |
| 3    | 0000000000000001 | 0000000000000001 |  0  | 0000000000000000 | 0000000000000000 |
| 3+   | 0000000000000001 | 0000000000000001 |  1  | 0000000000000000 | 0000000000000000 |
| 4    | 0000000000000001 | 0000000000000001 |  1  | 0000000000000001 | 0000000000000001 |
| 4+   | 0000000000000010 | 0000000000000010 |  0  | 0000000000000001 | 0000000000000001 |
| 5    | 0000000000000010 | 0000000000000010 |  0  | 0000000000000001 | 0000000000000001 |
| 5+   | 0000000000000010 | 0000000000000010 |  1  | 0000000000000001 | 0000000000000001 |
| 6    | 0000000000000010 | 0000000000000010 |  1  | 0000000000000010 | 0000000000000010 |
| 6+   | 0000000000000100 | 0000000000000100 |  0  | 0000000000000010 | 0000000000000010 |
| 7    | 0000000000000100 | 0000000000000100 |  0  | 0000000000000010 | 0000000000000010 |
| 7+   | 0000000000000100 | 0000000000000100 |  1  | 0000000000000010 | 0000000000000010 |
| 8    | 0000000000000100 | 0000000000000100 |  1  | 0000000000000100 | 0000000000000100 |
| 8+   | 0000000000001000 | 0000000000001000 |  0  | 0000000000000100 | 0000000000000100 |
| 9    | 0000000000001000 | 0000000000001000 |  0  | 0000000000000100 | 0000000000000100 |
| 9+   | 0000000000001000 | 0000000000001000 |  1  | 0000000000000100 | 0000000000000100 |
| 10   | 0000000000001000 | 0000000000001000 |  1  | 0000000000001000 | 0000000000001000 |
| 10+  | 0000000000010000 | 0000000000010000 |  0  | 0000000000001000 | 0000000000001000 |
| 11   | 0000000000010000 | 0000000000010000 |  0  | 0000000000001000 | 0000000000001000 |
| 11+  | 0000000000010000 | 0000000000010000 |  1  | 0000000000001000 | 0000000000001000 |
| 12   | 0000000000010000 | 0000000000010000 |  1  | 0000000000010000 | 0000000000010000 |
| 12+  | 0000000000100000 | 0000000000100000 |  0  | 0000000000010000 | 0000000000010000 |
| 13   | 0000000000100000 | 0000000000100000 |  0  | 0000000000010000 | 0000000000010000 |
| 13+  | 0000000000100000 | 0000000000100000 |  1  | 0000000000010000 | 0000000000010000 |
| 14   | 0000000000100000 | 0000000000100000 |  1  | 0000000000100000 | 0000000000100000 |
| 14+  | 0000000001000000 | 0000000001000000 |  0  | 0000000000100000 | 0000000000100000 |
| 15   | 0000000001000000 | 0000000001000000 |  0  | 0000000000100000 | 0000000000100000 |
| 15+  | 0000000001000000 | 0000000001000000 |  1  | 0000000000100000 | 0000000000100000 |
| 16   | 0000000001000000 | 0000000001000000 |  1  | 0000000001000000 | 0000000001000000 |
| 16+  | 0000000010000000 | 0000000010000000 |  0  | 0000000001000000 | 0000000001000000 |
| 17   | 0000000010000000 | 0000000010000000 |  0  | 0000000001000000 | 0000000001000000 |
| 17+  | 0000000010000000 | 0000000010000000 |  1  | 0000000001000000 | 0000000001000000 |
| 18   | 0000000010000000 | 0000000010000000 |  1  | 0000000010000000 | 0000000010000000 |
| 18+  | 0000000100000000 | 0000000100000000 |  0  | 0000000010000000 | 0000000010000000 |
| 19   | 0000000100000000 | 0000000100000000 |  0  | 0000000010000000 | 0000000010000000 |
| 19+  | 0000000100000000 | 0000000100000000 |  1  | 0000000010000000 | 0000000010000000 |
| 20   | 0000000100000000 | 0000000100000000 |  1  | 0000000100000000 | 0000000100000000 |
| 20+  | 0000001000000000 | 0000001000000000 |  0  | 0000000100000000 | 0000000100000000 |
| 21   | 0000001000000000 | 0000001000000000 |  0  | 0000000100000000 | 0000000100000000 |
| 21+  | 0000001000000000 | 0000001000000000 |  1  | 0000000100000000 | 0000000100000000 |
| 22   | 0000001000000000 | 0000001000000000 |  1  | 0000001000000000 | 0000001000000000 |
| 22+  | 0000010000000000 | 0000010000000000 |  0  | 0000001000000000 | 0000001000000000 |
| 23   | 0000010000000000 | 0000010000000000 |  0  | 0000001000000000 | 0000001000000000 |
| 23+  | 0000010000000000 | 0000010000000000 |  1  | 0000001000000000 | 0000001000000000 |
| 24   | 0000010000000000 | 0000010000000000 |  1  | 0000010000000000 | 0000010000000000 |
| 24+  | 0000100000000000 | 0000100000000000 |  0  | 0000010000000000 | 0000010000000000 |
| 25   | 0000100000000000 | 0000100000000000 |  0  | 0000010000000000 | 0000010000000000 |
| 25+  | 0000100000000000 | 0000100000000000 |  1  | 0000010000000000 | 0000010000000000 |
| 26   | 0000100000000000 | 0000100000000000 |  1  | 0000100000000000 | 0000100000000000 |
| 26+  | 0001000000000000 | 0001000000000000 |  0  | 0000100000000000 | 0000100000000000 |
| 27   | 0001000000000000 | 0001000000000000 |  0  | 0000100000000000 | 0000100000000000 |
| 27+  | 0001000000000000 | 0001000000000000 |  1  | 0000100000000000 | 0000100000000000 |
| 28   | 0001000000000000 | 0001000000000000 |  1  | 0001000000000000 | 0001000000000000 |
| 28+  | 0010000000000000 | 0010000000000000 |  0  | 0001000000000000 | 0001000000000000 |
| 29   | 0010000000000000 | 0010000000000000 |  0  | 0001000000000000 | 0001000000000000 |
| 29+  | 0010000000000000 | 0010000000000000 |  1  | 0001000000000000 | 0001000000000000 |
| 30   | 0010000000000000 | 0010000000000000 |  1  | 0010000000000000 | 0010000000000000 |
| 30+  | 0100000000000000 | 0100000000000000 |  0  | 0010000000000000 | 0010000000000000 |
| 31   | 0100000000000000 | 0100000000000000 |  0  | 0010000000000000 | 0010000000000000 |
| 31+  | 0100000000000000 | 0100000000000000 |  1  | 0010000000000000 | 0010000000000000 |
| 32   | 0100000000000000 | 0100000000000000 |  1  | 0100000000000000 | 0100000000000000 |
| 32+  | 1000000000000000 | 1000000000000000 |  0  | 0100000000000000 | 0100000000000000 |
| 33   | 1000000000000000 | 1000000000000000 |  0  | 0100000000000000 | 0100000000000000 |
| 33+  | 1000000000000000 | 1000000000000000 |  1  | 0100000000000000 | 0100000000000000 |
| 34   | 1000000000000000 | 1000000000000000 |  1  | 1000000000000000 | 1000000000000000 |
| 34+  | 1111111111111110 | 1111111111111110 |  0  | 1000000000000000 | 1000000000000000 |
| 35   | 1111111111111110 | 1111111111111110 |  0  | 1000000000000000 | 1000000000000000 |
| 35+  | 1111111111111110 | 1111111111111110 |  1  | 1000000000000000 | 1000000000000000 |
| 36   | 1111111111111110 | 1111111111111110 |  1  | 1111111111111110 | 1111111111111110 |
| 36+  | 1111111111111101 | 1111111111111101 |  0  | 1111111111111110 | 1111111111111110 |
| 37   | 1111111111111101 | 1111111111111101 |  0  | 1111111111111110 | 1111111111111110 |
| 37+  | 1111111111111101 | 1111111111111101 |  1  | 1111111111111110 | 1111111111111110 |
| 38   | 1111111111111101 | 1111111111111101 |  1  | 1111111111111101 | 1111111111111101 |
| 38+  | 1111111111111011 | 1111111111111011 |  0  | 1111111111111101 | 1111111111111101 |
| 39   | 1111111111111011 | 1111111111111011 |  0  | 1111111111111101 | 1111111111111101 |
| 39+  | 1111111111111011 | 1111111111111011 |  1  | 1111111111111101 | 1111111111111101 |
| 40   | 1111111111111011 | 1111111111111011 |  1  | 1111111111111011 | 1111111111111011 |
| 40+  | 1111111111110111 | 1111111111110111 |  0  | 1111111111111011 | 1111111111111011 |
| 41   | 1111111111110111 | 1111111111110111 |  0  | 1111111111111011 | 1111111111111011 |
| 41+  | 1111111111110111 | 1111111111110111 |  1  | 1111111111111011 | 1111111111111011 |
| 42   | 1111111111110111 | 1111111111110111 |  1  | 1111111111110111 | 1111111111110111 |
| 42+  | 1111111111101111 | 1111111111101111 |  0  | 1111111111110111 | 1111111111110111 |
| 43   | 1111111111101111 | 1111111111101111 |  0  | 1111111111110111 | 1111111111110111 |
| 43+  | 1111111111101111 | 1111111111101111 |  1  | 1111111111110111 | 1111111111110111 |
| 44   | 1111111111101111 | 1111111111101111 |  1  | 1111111111101111 | 1111111111101111 |
| 44+  | 1111111111011111 | 1111111111011111 |  0  | 1111111111101111 | 1111111111101111 |
| 45   | 1111111111011111 | 1111111111011111 |  0  | 1111111111101111 | 1111111111101111 |
| 45+  | 1111111111011111 | 1111111111011111 |  1  | 1111111111101111 | 1111111111101111 |
| 46   | 1111111111011111 | 1111111111011111 |  1  | 1111111111011111 | 1111111111011111 |
| 46+  | 1111111110111111 | 1111111110111111 |  0  | 1111111111011111 | 1111111111011111 |
| 47   | 1111111110111111 | 1111111110111111 |  0  | 1111111111011111 | 1111111111011111 |
| 47+  | 1111111110111111 | 1111111110111111 |  1  | 1111111111011111 | 1111111111011111 |
| 48   | 1111111110111111 | 1111111110111111 |  1  | 1111111110111111 | 1111111110111111 |
| 48+  | 1111111101111111 | 1111111101111111 |  0  | 1111111110111111 | 1111111110111111 |
| 49   | 1111111101111111 | 1111111101111111 |  0  | 1111111110111111 | 1111111110111111 |
| 49+  | 1111111101111111 | 1111111101111111 |  1  | 1111111110111111 | 1111111110111111 |
| 50   | 1111111101111111 | 1111111101111111 |  1  | 1111111101111111 | 1111111101111111 |
| 50+  | 1111111011111111 | 1111111011111111 |  0  | 1111111101111111 | 1111111101111111 |
| 51   | 1111111011111111 | 1111111011111111 |  0  | 1111111101111111 | 1111111101111111 |
| 51+  | 1111111011111111 | 1111111011111111 |  1  | 1111111101111111 | 1111111101111111 |
| 52   | 1111111011111111 | 1111111011111111 |  1  | 1111111011111111 | 1111111011111111 |
| 52+  | 1111110111111111 | 1111110111111111 |  0  | 1111111011111111 | 1111111011111111 |
| 53   | 1111110111111111 | 1111110111111111 |  0  | 1111111011111111 | 1111111011111111 |
| 53+  | 1111110111111111 | 1111110111111111 |  1  | 1111111011111111 | 1111111011111111 |
| 54   | 1111110111111111 | 1111110111111111 |  1  | 1111110111111111 | 1111110111111111 |
| 54+  | 1111101111111111 | 1111101111111111 |  0  | 1111110111111111 | 1111110111111111 |
| 55   | 1111101111111111 | 1111101111111111 |  0  | 1111110111111111 | 1111110111111111 |
| 55+  | 1111101111111111 | 1111101111111111 |  1  | 1111110111111111 | 1111110111111111 |
| 56   | 1111101111111111 | 1111101111111111 |  1  | 1111101111111111 | 1111101111111111 |
| 56+  | 1111011111111111 | 1111011111111111 |  0  | 1111101111111111 | 1111101111111111 |
| 57   | 1111011111111111 | 1111011111111111 |  0  | 1111101111111111 | 1111101111111111 |
| 57+  | 1111011111111111 | 1111011111111111 |  1  | 1111101111111111 | 1111101111111111 |
| 58   | 1111011111111111 | 1111011111111111 |  1  | 1111011111111111 | 1111011111111111 |
| 58+  | 1110111111111111 | 1110111111111111 |  0  | 1111011111111111 | 1111011111111111 |
| 59   | 1110111111111111 | 1110111111111111 |  0  | 1111011111111111 | 1111011111111111 |
| 59+  | 1110111111111111 | 1110111111111111 |  1  | 1111011111111111 | 1111011111111111 |
| 60   | 1110111111111111 | 1110111111111111 |  1  | 1110111111111111 | 1110111111111111 |
| 60+  | 1101111111111111 | 1101111111111111 |  0  | 1110111111111111 | 1110111111111111 |
| 61   | 1101111111111111 | 1101111111111111 |  0  | 1110111111111111 | 1110111111111111 |
| 61+  | 1101111111111111 | 1101111111111111 |  1  | 1110111111111111 | 1110111111111111 |
| 62   | 1101111111111111 | 1101111111111111 |  1  | 1101111111111111 | 1101111111111111 |
| 62+  | 1011111111111111 | 1011111111111111 |  0  | 1101111111111111 | 1101111111111111 |
| 63   | 1011111111111111 | 1011111111111111 |  0  | 1101111111111111 | 1101111111111111 |
| 63+  | 1011111111111111 | 1011111111111111 |  1  | 1101111111111111 | 1101111111111111 |
| 64   | 1011111111111111 | 1011111111111111 |  1  | 1011111111111111 | 1011111111111111 |
| 64+  | 0111111111111111 | 0111111111111111 |  0  | 1011111111111111 | 1011111111111111 |
| 65   | 0111111111111111 | 0111111111111111 |  0  | 1011111111111111 | 1011111111111111 |
| 65+  | 0111111111111111 | 0111111111111111 |  1  | 1011111111111111 | 1011111111111111 |
| 66   | 0111111111111111 | 0111111111111111 |  1  | 0111111111111111 | 0111111111111111 |
